[debug] [2023-03-26T14:28:05.830Z] ----------------------------------------------------------------------
[debug] [2023-03-26T14:28:05.832Z] Command:       /usr/local/bin/firebase /Users/tung/.cache/firebase/tools/lib/node_modules/firebase-tools/lib/bin/firebase apps:create ios save_money (ios) --bundle-id=com.tung.savemoney.saveMoney --json --project=moneysave-59001
[debug] [2023-03-26T14:28:05.832Z] CLI Version:   11.25.1
[debug] [2023-03-26T14:28:05.832Z] Platform:      darwin
[debug] [2023-03-26T14:28:05.832Z] Node Version:  v16.16.0
[debug] [2023-03-26T14:28:05.833Z] Time:          Sun Mar 26 2023 21:28:05 GMT+0700 (Indochina Time)
[debug] [2023-03-26T14:28:05.833Z] ----------------------------------------------------------------------
[debug] 
[debug] [2023-03-26T14:28:05.841Z] > command requires scopes: ["email","openid","https://www.googleapis.com/auth/cloudplatformprojects.readonly","https://www.googleapis.com/auth/firebase","https://www.googleapis.com/auth/cloud-platform"]
[debug] [2023-03-26T14:28:05.843Z] > authorizing via signed-in user (viettungdeptrai0801@gmail.com)
[info] Create your IOS app in project moneysave-59001:
[debug] [2023-03-26T14:28:05.847Z] >>> [apiv2][query] POST https://firebase.googleapis.com/v1beta1/projects/moneysave-59001/iosApps [none]
[debug] [2023-03-26T14:28:05.849Z] >>> [apiv2][body] POST https://firebase.googleapis.com/v1beta1/projects/moneysave-59001/iosApps {"displayName":"save_money (ios)","bundleId":"com.tung.savemoney.saveMoney"}
[debug] [2023-03-26T14:28:07.955Z] <<< [apiv2][status] POST https://firebase.googleapis.com/v1beta1/projects/moneysave-59001/iosApps 200
[debug] [2023-03-26T14:28:07.958Z] <<< [apiv2][body] POST https://firebase.googleapis.com/v1beta1/projects/moneysave-59001/iosApps {"name":"operations/projects/moneysave-59001/apps/ZTEyZjJkOTMtNGJlYy00Njc5LTlmNjktN2UzMzEwNjY0NTRh"}
[debug] [2023-03-26T14:28:07.960Z] >>> [apiv2][query] GET https://firebase.googleapis.com/v1beta1/operations/projects/moneysave-59001/apps/ZTEyZjJkOTMtNGJlYy00Njc5LTlmNjktN2UzMzEwNjY0NTRh [none]
[debug] [2023-03-26T14:28:08.461Z] <<< [apiv2][status] GET https://firebase.googleapis.com/v1beta1/operations/projects/moneysave-59001/apps/ZTEyZjJkOTMtNGJlYy00Njc5LTlmNjktN2UzMzEwNjY0NTRh 200
[debug] [2023-03-26T14:28:08.464Z] <<< [apiv2][body] GET https://firebase.googleapis.com/v1beta1/operations/projects/moneysave-59001/apps/ZTEyZjJkOTMtNGJlYy00Njc5LTlmNjktN2UzMzEwNjY0NTRh {"name":"operations/projects/moneysave-59001/apps/ZTEyZjJkOTMtNGJlYy00Njc5LTlmNjktN2UzMzEwNjY0NTRh"}
[debug] [2023-03-26T14:28:08.970Z] [Create iOS app Poller] Retrying task index 0
[debug] [2023-03-26T14:28:08.973Z] >>> [apiv2][query] GET https://firebase.googleapis.com/v1beta1/operations/projects/moneysave-59001/apps/ZTEyZjJkOTMtNGJlYy00Njc5LTlmNjktN2UzMzEwNjY0NTRh [none]
[debug] [2023-03-26T14:28:10.620Z] <<< [apiv2][status] GET https://firebase.googleapis.com/v1beta1/operations/projects/moneysave-59001/apps/ZTEyZjJkOTMtNGJlYy00Njc5LTlmNjktN2UzMzEwNjY0NTRh 200
[debug] [2023-03-26T14:28:10.625Z] <<< [apiv2][body] GET https://firebase.googleapis.com/v1beta1/operations/projects/moneysave-59001/apps/ZTEyZjJkOTMtNGJlYy00Njc5LTlmNjktN2UzMzEwNjY0NTRh {"name":"operations/projects/moneysave-59001/apps/ZTEyZjJkOTMtNGJlYy00Njc5LTlmNjktN2UzMzEwNjY0NTRh"}
[debug] [2023-03-26T14:28:11.626Z] [Create iOS app Poller] Retrying task index 0
[debug] [2023-03-26T14:28:11.629Z] >>> [apiv2][query] GET https://firebase.googleapis.com/v1beta1/operations/projects/moneysave-59001/apps/ZTEyZjJkOTMtNGJlYy00Njc5LTlmNjktN2UzMzEwNjY0NTRh [none]
[debug] [2023-03-26T14:28:15.283Z] <<< [apiv2][status] GET https://firebase.googleapis.com/v1beta1/operations/projects/moneysave-59001/apps/ZTEyZjJkOTMtNGJlYy00Njc5LTlmNjktN2UzMzEwNjY0NTRh 200
[debug] [2023-03-26T14:28:15.288Z] <<< [apiv2][body] GET https://firebase.googleapis.com/v1beta1/operations/projects/moneysave-59001/apps/ZTEyZjJkOTMtNGJlYy00Njc5LTlmNjktN2UzMzEwNjY0NTRh {"name":"operations/projects/moneysave-59001/apps/ZTEyZjJkOTMtNGJlYy00Njc5LTlmNjktN2UzMzEwNjY0NTRh","done":true,"response":{"@type":"type.googleapis.com/google.firebase.service.v1beta1.IosApp","name":"projects/moneysave-59001/iosApps/1:619244865141:ios:30cda7f5f7d3e791249a3c","appId":"1:619244865141:ios:30cda7f5f7d3e791249a3c","displayName":"save_money (ios)","projectId":"moneysave-59001","bundleId":"com.tung.savemoney.saveMoney","state":"ACTIVE","expireTime":"1970-01-01T00:00:00Z","etag":"1_437e4ec5-2930-4892-9a7a-8ce2f2438022"}}
[info] 
[info] 🎉🎉🎉 Your Firebase IOS App is ready! 🎉🎉🎉
[info] 
[info] App information:
[info]   - App ID: 1:619244865141:ios:30cda7f5f7d3e791249a3c
[info]   - Display name: save_money (ios)
[info]   - Bundle ID: com.tung.savemoney.saveMoney
[info] 
[info] You can run this command to print out your new app's Google Services config:
[info]   firebase apps:sdkconfig IOS 1:619244865141:ios:30cda7f5f7d3e791249a3c
[debug] [2023-03-26T14:28:21.047Z] Error: Timed out.
    at Timeout._onTimeout (/Users/tung/.cache/firebase/tools/lib/node_modules/firebase-tools/lib/utils.js:253:49)
    at listOnTimeout (node:internal/timers:559:17)
    at processTimers (node:internal/timers:502:7)
[error] 
[error] Error: An unexpected error has occurred.
